<?xml version="1.0" encoding="UTF-8"?>
<testsuite name="com.test.test.categorie.CategoryControllerTest" tests="4" skipped="0" failures="0" errors="0" timestamp="2024-10-05T23:21:46" hostname="LAPTOP-8TCFSJ3C" time="0.433">
  <properties/>
  <testcase name="createCategory_ShouldReturnCreatedCategory()" classname="com.test.test.categorie.CategoryControllerTest" time="0.387"/>
  <testcase name="getAllCategories_ShouldReturnCategoryList()" classname="com.test.test.categorie.CategoryControllerTest" time="0.021"/>
  <testcase name="deleteCategory_ShouldCallService()" classname="com.test.test.categorie.CategoryControllerTest" time="0.011"/>
  <testcase name="getCategoryId_ShouldReturnCategory()" classname="com.test.test.categorie.CategoryControllerTest" time="0.01"/>
  <system-out><![CDATA[2024-10-05T19:21:46.536-04:00  INFO 11204 --- [test] [    Test worker] o.s.mock.web.MockServletContext          : Initializing Spring TestDispatcherServlet ''
2024-10-05T19:21:46.536-04:00  INFO 11204 --- [test] [    Test worker] o.s.t.web.servlet.TestDispatcherServlet  : Initializing Servlet ''
2024-10-05T19:21:46.536-04:00  INFO 11204 --- [test] [    Test worker] o.s.t.web.servlet.TestDispatcherServlet  : Completed initialization in 0 ms

MockHttpServletRequest:
      HTTP Method = POST
      Request URI = /categories
       Parameters = {}
          Headers = [Content-Type:"application/json", Content-Length:"25"]
             Body = <no character encoding set>
    Session Attrs = {}

Handler:
             Type = com.test.test.controllers.CategoryController
           Method = com.test.test.controllers.CategoryController#createCategory(Category)

Async:
    Async started = false
     Async result = null

Resolved Exception:
             Type = null

ModelAndView:
        View name = null
             View = null
            Model = null

FlashMap:
       Attributes = null

MockHttpServletResponse:
           Status = 200
    Error message = null
          Headers = [Content-Type:"application/json"]
     Content type = application/json
             Body = {"id":1,"nombre":"Test Category","descripcion":null,"foto":null}
    Forwarded URL = null
   Redirected URL = null
          Cookies = []
2024-10-05T19:21:46.740-04:00  INFO 11204 --- [test] [    Test worker] o.s.mock.web.MockServletContext          : Initializing Spring TestDispatcherServlet ''
2024-10-05T19:21:46.740-04:00  INFO 11204 --- [test] [    Test worker] o.s.t.web.servlet.TestDispatcherServlet  : Initializing Servlet ''
2024-10-05T19:21:46.740-04:00  INFO 11204 --- [test] [    Test worker] o.s.t.web.servlet.TestDispatcherServlet  : Completed initialization in 0 ms
2024-10-05T19:21:46.756-04:00  INFO 11204 --- [test] [    Test worker] o.s.mock.web.MockServletContext          : Initializing Spring TestDispatcherServlet ''
2024-10-05T19:21:46.756-04:00  INFO 11204 --- [test] [    Test worker] o.s.t.web.servlet.TestDispatcherServlet  : Initializing Servlet ''
2024-10-05T19:21:46.756-04:00  INFO 11204 --- [test] [    Test worker] o.s.t.web.servlet.TestDispatcherServlet  : Completed initialization in 0 ms
2024-10-05T19:21:46.772-04:00  INFO 11204 --- [test] [    Test worker] o.s.mock.web.MockServletContext          : Initializing Spring TestDispatcherServlet ''
2024-10-05T19:21:46.772-04:00  INFO 11204 --- [test] [    Test worker] o.s.t.web.servlet.TestDispatcherServlet  : Initializing Servlet ''
2024-10-05T19:21:46.772-04:00  INFO 11204 --- [test] [    Test worker] o.s.t.web.servlet.TestDispatcherServlet  : Completed initialization in 0 ms
]]></system-out>
  <system-err><![CDATA[]]></system-err>
</testsuite>
