<?xml version="1.0" encoding="UTF-8"?>
<testsuite name="com.test.test.categorie.CategoryServiceTest" tests="5" skipped="0" failures="0" errors="0" timestamp="2024-10-05T21:42:02" hostname="LAPTOP-8TCFSJ3C" time="0.081">
  <properties/>
  <testcase name="createCategory_ShouldReturnCreatedCategory()" classname="com.test.test.categorie.CategoryServiceTest" time="0.051"/>
  <testcase name="getAllCategories_ShouldReturnListOfCategories()" classname="com.test.test.categorie.CategoryServiceTest" time="0.005"/>
  <testcase name="getCategoryId_ShouldThrowUserException_WhenCategoryNotFound()" classname="com.test.test.categorie.CategoryServiceTest" time="0.008"/>
  <testcase name="deleteCategory_ShouldCallRepositoryDelete()" classname="com.test.test.categorie.CategoryServiceTest" time="0.005"/>
  <testcase name="getCategoryId_ShouldReturnCategory()" classname="com.test.test.categorie.CategoryServiceTest" time="0.005"/>
  <system-out><![CDATA[]]></system-out>
  <system-err><![CDATA[]]></system-err>
</testsuite>
