<?xml version="1.0" encoding="UTF-8"?>
<testsuite name="com.test.test.product.ProductControllerTest" tests="4" skipped="0" failures="0" errors="0" timestamp="2024-10-05T21:12:22" hostname="LAPTOP-8TCFSJ3C" time="0.013">
  <properties/>
  <testcase name="testCreateProduct()" classname="com.test.test.product.ProductControllerTest" time="0.003"/>
  <testcase name="testGetProductWithCategoryPhoto()" classname="com.test.test.product.ProductControllerTest" time="0.001"/>
  <testcase name="testGetProductById()" classname="com.test.test.product.ProductControllerTest" time="0.001"/>
  <testcase name="testGetAllProducts()" classname="com.test.test.product.ProductControllerTest" time="0.001"/>
  <system-out><![CDATA[]]></system-out>
  <system-err><![CDATA[]]></system-err>
</testsuite>
